.\gradlew.bat : 
At line:1 char:18
+ $ConsoleOutput = .\gradlew.bat generatePatchesList 2>&1
+                  ~~~~~~~~~~~~~~~~~~~~~~~~~~~~~~~~~~~~~~
    + CategoryInfo          : NotSpecified: (:String) [], RemoteException
    + FullyQualifiedErrorId : NativeCommandError
 
FAILURE: Build failed with an exception.

* Where:
Settings file 'C:\Projects\morphe-pause-fix\settings.gradle.kts' line: 19

* What went wrong:
Plugin [id: 'app.morphe.patches', version: '1.2.0'] was not found in any 
of the following sources:

- Gradle Core Plugins (plugin is not in 'org.gradle' namespace)
- Included Builds (No included builds contain this plugin)
- Plugin Repositories (could not resolve plugin artifact 
'app.morphe.patches:app.morphe.patches.gradle.plugin:1.2.0')
  Searched in the following repositories:
    Gradle Central Plugin Repository
    Google
    GitHubPackages(https://maven.pkg.github.com/MorpheApp/registry)
    maven(https://jitpack.io)

* Try:
> Run with --stacktrace option to get the stack trace.
> Run with --info or --debug option to get more log output.
> Run with --scan to get full insights.
> Get more help at https://help.gradle.org.

BUILD FAILED in 1s
